# JRE version: OpenJDK Runtime Environment Temurin-21.0.7+6 (21.0.7+6) (build 21.0.7+6-LTS)
# Java VM: OpenJDK 64-Bit Server VM Temurin-21.0.7+6 (21.0.7+6-LTS, mixed mode, sharing, tiered, compressed oops, compressed class ptrs, parallel gc, windows-amd64)
GC Precious Log:
 CardTable entry size: 512
 CPUs: 8 total, 8 available
 Memory: 16235M
 Large Page Support: Disabled
 NUMA Support: Disabled
 Compressed Oops: Enabled (32-bit)
 Alignments: Space 512K, Generation 512K, Heap 2M
 Heap Min Capacity: 100M
 Heap Initial Capacity: 100M
 Heap Max Capacity: 2G
 Pre-touch: Disabled
 Parallel Workers: 8
Heap:
 PSYoungGen      total 10752K, used 8332K [0x00000000d5580000, 0x00000000d6180000, 0x0000000100000000)
  eden space 8704K, 80% used [0x00000000d5580000,0x00000000d5c5eda8,0x00000000d5e00000)
  from space 2048K, 63% used [0x00000000d5e00000,0x00000000d5f44630,0x00000000d6000000)
  to   space 1536K, 0% used [0x00000000d6000000,0x00000000d6000000,0x00000000d6180000)
 ParOldGen       total 1001984K, used 1001652K [0x0000000080000000, 0x00000000bd280000, 0x00000000d5580000)
  object space 1001984K, 99% used [0x0000000080000000,0x00000000bd22d308,0x00000000bd280000)
 Metaspace       used 80627K, committed 82304K, reserved 1179648K
  class space    used 7891K, committed 8640K, reserved 1048576K
GC Heap History (20 events):
Event: 132.727 GC heap before
{Heap before GC invocations=1846 (full 4):
 PSYoungGen      total 10240K, used 10233K [0x00000000d5580000, 0x00000000d6800000, 0x0000000100000000)
  eden space 8704K, 100% used [0x00000000d5580000,0x00000000d5e00000,0x00000000d5e00000)
  from space 1536K, 99% used [0x00000000d5e00000,0x00000000d5f7e400,0x00000000d5f80000)
  to   space 5120K, 0% used [0x00000000d6300000,0x00000000d6300000,0x00000000d6800000)
 ParOldGen       total 993280K, used 993199K [0x0000000080000000, 0x00000000bca00000, 0x00000000d5580000)
  object space 993280K, 99% used [0x0000000080000000,0x00000000bc9ebf40,0x00000000bca00000)
 Metaspace       used 80626K, committed 82304K, reserved 1179648K
  class space    used 7891K, committed 8640K, reserved 1048576K
}
Event: 132.732 GC heap after
{Heap after GC invocations=1846 (full 4):
 PSYoungGen      total 9728K, used 759K [0x00000000d5580000, 0x00000000d6400000, 0x0000000100000000)
  eden space 8704K, 0% used [0x00000000d5580000,0x00000000d5580000,0x00000000d5e00000)
  from space 1024K, 74% used [0x00000000d6300000,0x00000000d63bdfe0,0x00000000d6400000)
  to   space 2560K, 0% used [0x00000000d5f00000,0x00000000d5f00000,0x00000000d6180000)
 ParOldGen       total 993792K, used 993431K [0x0000000080000000, 0x00000000bca80000, 0x00000000d5580000)
  object space 993792K, 99% used [0x0000000080000000,0x00000000bca25f40,0x00000000bca80000)
 Metaspace       used 80626K, committed 82304K, reserved 1179648K
  class space    used 7891K, committed 8640K, reserved 1048576K
}
Event: 132.782 GC heap before
{Heap before GC invocations=1847 (full 4):
 PSYoungGen      total 9728K, used 9463K [0x00000000d5580000, 0x00000000d6400000, 0x0000000100000000)
  eden space 8704K, 100% used [0x00000000d5580000,0x00000000d5e00000,0x00000000d5e00000)
  from space 1024K, 74% used [0x00000000d6300000,0x00000000d63bdfe0,0x00000000d6400000)
  to   space 2560K, 0% used [0x00000000d5f00000,0x00000000d5f00000,0x00000000d6180000)
 ParOldGen       total 993792K, used 993431K [0x0000000080000000, 0x00000000bca80000, 0x00000000d5580000)
  object space 993792K, 99% used [0x0000000080000000,0x00000000bca25f40,0x00000000bca80000)
 Metaspace       used 80626K, committed 82304K, reserved 1179648K
  class space    used 7891K, committed 8640K, reserved 1048576K
}
Event: 132.788 GC heap after
{Heap after GC invocations=1847 (full 4):
 PSYoungGen      total 11264K, used 1056K [0x00000000d5580000, 0x00000000d6380000, 0x0000000100000000)
  eden space 8704K, 0% used [0x00000000d5580000,0x00000000d5580000,0x00000000d5e00000)
  from space 2560K, 41% used [0x00000000d5f00000,0x00000000d6008000,0x00000000d6180000)
  to   space 1536K, 0% used [0x00000000d6200000,0x00000000d6200000,0x00000000d6380000)
 ParOldGen       total 994304K, used 994072K [0x0000000080000000, 0x00000000bcb00000, 0x00000000d5580000)
  object space 994304K, 99% used [0x0000000080000000,0x00000000bcac60e8,0x00000000bcb00000)
 Metaspace       used 80626K, committed 82304K, reserved 1179648K
  class space    used 7891K, committed 8640K, reserved 1048576K
}
Event: 132.839 GC heap before
{Heap before GC invocations=1848 (full 4):
 PSYoungGen      total 11264K, used 9760K [0x00000000d5580000, 0x00000000d6380000, 0x0000000100000000)
  eden space 8704K, 100% used [0x00000000d5580000,0x00000000d5e00000,0x00000000d5e00000)
  from space 2560K, 41% used [0x00000000d5f00000,0x00000000d6008000,0x00000000d6180000)
  to   space 1536K, 0% used [0x00000000d6200000,0x00000000d6200000,0x00000000d6380000)
 ParOldGen       total 994304K, used 994072K [0x0000000080000000, 0x00000000bcb00000, 0x00000000d5580000)
  object space 994304K, 99% used [0x0000000080000000,0x00000000bcac60e8,0x00000000bcb00000)
 Metaspace       used 80626K, committed 82304K, reserved 1179648K
  class space    used 7891K, committed 8640K, reserved 1048576K
}
Event: 132.845 GC heap after
{Heap after GC invocations=1848 (full 4):
 PSYoungGen      total 10240K, used 1142K [0x00000000d5580000, 0x00000000d6380000, 0x0000000100000000)
  eden space 8704K, 0% used [0x00000000d5580000,0x00000000d5580000,0x00000000d5e00000)
  from space 1536K, 74% used [0x00000000d6200000,0x00000000d631d808,0x00000000d6380000)
  to   space 1536K, 0% used [0x00000000d6080000,0x00000000d6080000,0x00000000d6200000)
 ParOldGen       total 995328K, used 995008K [0x0000000080000000, 0x00000000bcc00000, 0x00000000d5580000)
  object space 995328K, 99% used [0x0000000080000000,0x00000000bcbb00e8,0x00000000bcc00000)
 Metaspace       used 80626K, committed 82304K, reserved 1179648K
  class space    used 7891K, committed 8640K, reserved 1048576K
}
Event: 132.893 GC heap before
{Heap before GC invocations=1849 (full 4):
 PSYoungGen      total 10240K, used 9846K [0x00000000d5580000, 0x00000000d6380000, 0x0000000100000000)
  eden space 8704K, 100% used [0x00000000d5580000,0x00000000d5e00000,0x00000000d5e00000)
  from space 1536K, 74% used [0x00000000d6200000,0x00000000d631d808,0x00000000d6380000)
  to   space 1536K, 0% used [0x00000000d6080000,0x00000000d6080000,0x00000000d6200000)
 ParOldGen       total 995328K, used 995008K [0x0000000080000000, 0x00000000bcc00000, 0x00000000d5580000)
  object space 995328K, 99% used [0x0000000080000000,0x00000000bcbb00e8,0x00000000bcc00000)
 Metaspace       used 80626K, committed 82304K, reserved 1179648K
  class space    used 7891K, committed 8640K, reserved 1048576K
}
Event: 132.899 GC heap after
{Heap after GC invocations=1849 (full 4):
 PSYoungGen      total 10240K, used 1164K [0x00000000d5580000, 0x00000000d6280000, 0x0000000100000000)
  eden space 8704K, 0% used [0x00000000d5580000,0x00000000d5580000,0x00000000d5e00000)
  from space 1536K, 75% used [0x00000000d6080000,0x00000000d61a3008,0x00000000d6200000)
  to   space 512K, 0% used [0x00000000d6200000,0x00000000d6200000,0x00000000d6280000)
 ParOldGen       total 996352K, used 995976K [0x0000000080000000, 0x00000000bcd00000, 0x00000000d5580000)
  object space 996352K, 99% used [0x0000000080000000,0x00000000bcca20e8,0x00000000bcd00000)
 Metaspace       used 80626K, committed 82304K, reserved 1179648K
  class space    used 7891K, committed 8640K, reserved 1048576K
}
Event: 132.937 GC heap before
{Heap before GC invocations=1850 (full 4):
 PSYoungGen      total 10240K, used 9868K [0x00000000d5580000, 0x00000000d6280000, 0x0000000100000000)
  eden space 8704K, 100% used [0x00000000d5580000,0x00000000d5e00000,0x00000000d5e00000)
  from space 1536K, 75% used [0x00000000d6080000,0x00000000d61a3008,0x00000000d6200000)
  to   space 512K, 0% used [0x00000000d6200000,0x00000000d6200000,0x00000000d6280000)
 ParOldGen       total 996352K, used 995976K [0x0000000080000000, 0x00000000bcd00000, 0x00000000d5580000)
  object space 996352K, 99% used [0x0000000080000000,0x00000000bcca20e8,0x00000000bcd00000)
 Metaspace       used 80626K, committed 82304K, reserved 1179648K
  class space    used 7891K, committed 8640K, reserved 1048576K
}
Event: 132.942 GC heap after
{Heap after GC invocations=1850 (full 4):
 PSYoungGen      total 9216K, used 512K [0x00000000d5580000, 0x00000000d6300000, 0x0000000100000000)
  eden space 8704K, 0% used [0x00000000d5580000,0x00000000d5580000,0x00000000d5e00000)
  from space 512K, 100% used [0x00000000d6200000,0x00000000d6280000,0x00000000d6280000)
  to   space 2560K, 0% used [0x00000000d5e00000,0x00000000d5e00000,0x00000000d6080000)
 ParOldGen       total 997888K, used 997476K [0x0000000080000000, 0x00000000bce80000, 0x00000000d5580000)
  object space 997888K, 99% used [0x0000000080000000,0x00000000bce190f0,0x00000000bce80000)
 Metaspace       used 80626K, committed 82304K, reserved 1179648K
  class space    used 7891K, committed 8640K, reserved 1048576K
}
Event: 132.985 GC heap before
{Heap before GC invocations=1851 (full 4):
 PSYoungGen      total 9216K, used 9216K [0x00000000d5580000, 0x00000000d6300000, 0x0000000100000000)
  eden space 8704K, 100% used [0x00000000d5580000,0x00000000d5e00000,0x00000000d5e00000)
  from space 512K, 100% used [0x00000000d6200000,0x00000000d6280000,0x00000000d6280000)
  to   space 2560K, 0% used [0x00000000d5e00000,0x00000000d5e00000,0x00000000d6080000)
 ParOldGen       total 997888K, used 997476K [0x0000000080000000, 0x00000000bce80000, 0x00000000d5580000)
  object space 997888K, 99% used [0x0000000080000000,0x00000000bce190f0,0x00000000bce80000)
 Metaspace       used 80626K, committed 82304K, reserved 1179648K
  class space    used 7891K, committed 8640K, reserved 1048576K
}
Event: 132.990 GC heap after
{Heap after GC invocations=1851 (full 4):
 PSYoungGen      total 11264K, used 992K [0x00000000d5580000, 0x00000000d6280000, 0x0000000100000000)
  eden space 8704K, 0% used [0x00000000d5580000,0x00000000d5580000,0x00000000d5e00000)
  from space 2560K, 38% used [0x00000000d5e00000,0x00000000d5ef8000,0x00000000d6080000)
  to   space 1536K, 0% used [0x00000000d6100000,0x00000000d6100000,0x00000000d6280000)
 ParOldGen       total 998400K, used 998009K [0x0000000080000000, 0x00000000bcf00000, 0x00000000d5580000)
  object space 998400K, 99% used [0x0000000080000000,0x00000000bce9e700,0x00000000bcf00000)
 Metaspace       used 80626K, committed 82304K, reserved 1179648K
  class space    used 7891K, committed 8640K, reserved 1048576K
}
Event: 133.037 GC heap before
{Heap before GC invocations=1852 (full 4):
 PSYoungGen      total 11264K, used 9696K [0x00000000d5580000, 0x00000000d6280000, 0x0000000100000000)
  eden space 8704K, 100% used [0x00000000d5580000,0x00000000d5e00000,0x00000000d5e00000)
  from space 2560K, 38% used [0x00000000d5e00000,0x00000000d5ef8000,0x00000000d6080000)
  to   space 1536K, 0% used [0x00000000d6100000,0x00000000d6100000,0x00000000d6280000)
 ParOldGen       total 998400K, used 998009K [0x0000000080000000, 0x00000000bcf00000, 0x00000000d5580000)
  object space 998400K, 99% used [0x0000000080000000,0x00000000bce9e700,0x00000000bcf00000)
 Metaspace       used 80626K, committed 82304K, reserved 1179648K
  class space    used 7891K, committed 8640K, reserved 1048576K
}
Event: 133.043 GC heap after
{Heap after GC invocations=1852 (full 4):
 PSYoungGen      total 10240K, used 1216K [0x00000000d5580000, 0x00000000d6280000, 0x0000000100000000)
  eden space 8704K, 0% used [0x00000000d5580000,0x00000000d5580000,0x00000000d5e00000)
  from space 1536K, 79% used [0x00000000d6100000,0x00000000d6230000,0x00000000d6280000)
  to   space 1536K, 0% used [0x00000000d5f80000,0x00000000d5f80000,0x00000000d6100000)
 ParOldGen       total 999424K, used 998913K [0x0000000080000000, 0x00000000bd000000, 0x00000000d5580000)
  object space 999424K, 99% used [0x0000000080000000,0x00000000bcf80700,0x00000000bd000000)
 Metaspace       used 80626K, committed 82304K, reserved 1179648K
  class space    used 7891K, committed 8640K, reserved 1048576K
}
Event: 133.106 GC heap before
{Heap before GC invocations=1853 (full 4):
 PSYoungGen      total 10240K, used 9905K [0x00000000d5580000, 0x00000000d6280000, 0x0000000100000000)
  eden space 8704K, 99% used [0x00000000d5580000,0x00000000d5dfc548,0x00000000d5e00000)
  from space 1536K, 79% used [0x00000000d6100000,0x00000000d6230000,0x00000000d6280000)
  to   space 1536K, 0% used [0x00000000d5f80000,0x00000000d5f80000,0x00000000d6100000)
 ParOldGen       total 999424K, used 998913K [0x0000000080000000, 0x00000000bd000000, 0x00000000d5580000)
  object space 999424K, 99% used [0x0000000080000000,0x00000000bcf80700,0x00000000bd000000)
 Metaspace       used 80626K, committed 82304K, reserved 1179648K
  class space    used 7891K, committed 8640K, reserved 1048576K
}
Event: 133.111 GC heap after
{Heap after GC invocations=1853 (full 4):
 PSYoungGen      total 10240K, used 1304K [0x00000000d5580000, 0x00000000d6180000, 0x0000000100000000)
  eden space 8704K, 0% used [0x00000000d5580000,0x00000000d5580000,0x00000000d5e00000)
  from space 1536K, 84% used [0x00000000d5f80000,0x00000000d60c6048,0x00000000d6100000)
  to   space 512K, 0% used [0x00000000d6100000,0x00000000d6100000,0x00000000d6180000)
 ParOldGen       total 1000448K, used 1000033K [0x0000000080000000, 0x00000000bd100000, 0x00000000d5580000)
  object space 1000448K, 99% used [0x0000000080000000,0x00000000bd098700,0x00000000bd100000)
 Metaspace       used 80626K, committed 82304K, reserved 1179648K
  class space    used 7891K, committed 8640K, reserved 1048576K
}
Event: 133.331 GC heap before
{Heap before GC invocations=1854 (full 4):
 PSYoungGen      total 10240K, used 10008K [0x00000000d5580000, 0x00000000d6180000, 0x0000000100000000)
  eden space 8704K, 100% used [0x00000000d5580000,0x00000000d5e00000,0x00000000d5e00000)
  from space 1536K, 84% used [0x00000000d5f80000,0x00000000d60c6048,0x00000000d6100000)
  to   space 512K, 0% used [0x00000000d6100000,0x00000000d6100000,0x00000000d6180000)
 ParOldGen       total 1000448K, used 1000033K [0x0000000080000000, 0x00000000bd100000, 0x00000000d5580000)
  object space 1000448K, 99% used [0x0000000080000000,0x00000000bd098700,0x00000000bd100000)
 Metaspace       used 80627K, committed 82304K, reserved 1179648K
  class space    used 7891K, committed 8640K, reserved 1048576K
}
Event: 133.336 GC heap after
{Heap after GC invocations=1854 (full 4):
 PSYoungGen      total 9216K, used 512K [0x00000000d5580000, 0x00000000d6200000, 0x0000000100000000)
  eden space 8704K, 0% used [0x00000000d5580000,0x00000000d5580000,0x00000000d5e00000)
  from space 512K, 100% used [0x00000000d6100000,0x00000000d6180000,0x00000000d6180000)
  to   space 2048K, 0% used [0x00000000d5e00000,0x00000000d5e00000,0x00000000d6000000)
 ParOldGen       total 1001472K, used 1001220K [0x0000000080000000, 0x00000000bd200000, 0x00000000d5580000)
  object space 1001472K, 99% used [0x0000000080000000,0x00000000bd1c1318,0x00000000bd200000)
 Metaspace       used 80627K, committed 82304K, reserved 1179648K
  class space    used 7891K, committed 8640K, reserved 1048576K
}
Event: 133.395 GC heap before
{Heap before GC invocations=1855 (full 4):
 PSYoungGen      total 9216K, used 9216K [0x00000000d5580000, 0x00000000d6200000, 0x0000000100000000)
  eden space 8704K, 100% used [0x00000000d5580000,0x00000000d5e00000,0x00000000d5e00000)
  from space 512K, 100% used [0x00000000d6100000,0x00000000d6180000,0x00000000d6180000)
  to   space 2048K, 0% used [0x00000000d5e00000,0x00000000d5e00000,0x00000000d6000000)
 ParOldGen       total 1001472K, used 1001220K [0x0000000080000000, 0x00000000bd200000, 0x00000000d5580000)
  object space 1001472K, 99% used [0x0000000080000000,0x00000000bd1c1318,0x00000000bd200000)
 Metaspace       used 80627K, committed 82304K, reserved 1179648K
  class space    used 7891K, committed 8640K, reserved 1048576K
}
Event: 133.400 GC heap after
{Heap after GC invocations=1855 (full 4):
 PSYoungGen      total 10752K, used 1297K [0x00000000d5580000, 0x00000000d6180000, 0x0000000100000000)
  eden space 8704K, 0% used [0x00000000d5580000,0x00000000d5580000,0x00000000d5e00000)
  from space 2048K, 63% used [0x00000000d5e00000,0x00000000d5f44630,0x00000000d6000000)
  to   space 1536K, 0% used [0x00000000d6000000,0x00000000d6000000,0x00000000d6180000)
 ParOldGen       total 1001984K, used 1001652K [0x0000000080000000, 0x00000000bd280000, 0x00000000d5580000)
  object space 1001984K, 99% used [0x0000000080000000,0x00000000bd22d308,0x00000000bd280000)
 Metaspace       used 80627K, committed 82304K, reserved 1179648K
  class space    used 7891K, committed 8640K, reserved 1048576K
}

